{"level":"error","message":"Ошибка при чтении датчиков: Data length error, expected 7 got 3","timestamp":"2025-04-08T08:36:55.436Z"}
{"level":"warn","message":"Пороговое значение превышено для датчика Ролл: Температура 23.0°C, Влажность 26.0%","timestamp":"2025-04-08T08:37:01.008Z"}
{"level":"warn","message":"Пороговое значение превышено для датчика Ролл: Температура 23.0°C, Влажность 26.0%","timestamp":"2025-04-08T08:37:05.959Z"}
{"level":"warn","message":"Пороговое значение превышено для датчика Ролл: Температура 23.0°C, Влажность 26.0%","timestamp":"2025-04-08T08:37:10.951Z"}
{"level":"warn","message":"Пороговое значение превышено для датчика Ролл: Температура 23.0°C, Влажность 26.0%","timestamp":"2025-04-08T08:37:15.864Z"}
{"level":"warn","message":"Пороговое значение превышено для датчика Ролл: Температура 23.0°C, Влажность 26.0%","timestamp":"2025-04-08T08:37:20.906Z"}
{"level":"error","message":"Ошибка при чтении датчиков: EFATAL: Error: connect ETIMEDOUT 149.154.167.220:443","timestamp":"2025-04-08T08:37:22.059Z"}
{"level":"warn","message":"Пороговое значение превышено для датчика Ролл: Температура 23.0°C, Влажность 26.0%","timestamp":"2025-04-08T08:37:25.980Z"}
{"level":"error","message":"Ошибка при чтении датчиков: EFATAL: Error: connect ETIMEDOUT 149.154.167.220:443","timestamp":"2025-04-08T08:37:27.026Z"}
{"level":"warn","message":"Пороговое значение превышено для датчика Ролл: Температура 23.0°C, Влажность 26.0%","timestamp":"2025-04-08T08:37:31.077Z"}
{"level":"error","message":"Ошибка при чтении датчиков: EFATAL: Error: connect ETIMEDOUT 149.154.167.220:443","timestamp":"2025-04-08T08:37:31.994Z"}
{"level":"warn","message":"Пороговое значение превышено для датчика Ролл: Температура 23.0°C, Влажность 26.0%","timestamp":"2025-04-08T08:37:35.886Z"}
{"level":"error","message":"Ошибка при чтении датчиков: EFATAL: Error: connect ETIMEDOUT 149.154.167.220:443","timestamp":"2025-04-08T08:37:36.926Z"}
{"level":"warn","message":"Пороговое значение превышено для датчика Ролл: Температура 23.0°C, Влажность 26.0%","timestamp":"2025-04-08T08:38:53.650Z"}
{"level":"warn","message":"Пороговое значение превышено для датчика Ролл: Температура 23.0°C, Влажность 26.0%","timestamp":"2025-04-08T08:38:58.807Z"}
{"level":"warn","message":"Пороговое значение превышено для датчика Ролл: Температура 23.0°C, Влажность 26.0%","timestamp":"2025-04-08T08:41:00.749Z"}
{"level":"warn","message":"Пороговое значение превышено для датчика Ролл: Температура 23.0°C, Влажность 26.0%","timestamp":"2025-04-08T08:41:05.662Z"}
{"level":"warn","message":"Пороговое значение превышено для датчика Ролл: Температура 23.0°C, Влажность 26.0%","timestamp":"2025-04-08T08:41:10.613Z"}
{"level":"warn","message":"Пороговое значение превышено для датчика Ролл: Температура 23.0°C, Влажность 26.0%","timestamp":"2025-04-08T08:41:15.687Z"}
{"level":"warn","message":"Пороговое значение превышено для датчика Ролл: Температура 23.0°C, Влажность 26.0%","timestamp":"2025-04-08T08:41:20.723Z"}
{"level":"error","message":"Ошибка при чтении датчиков: EFATAL: Error: connect ETIMEDOUT 149.154.167.220:443","timestamp":"2025-04-08T08:41:21.804Z"}
{"level":"warn","message":"Пороговое значение превышено для датчика Ролл: Температура 23.0°C, Влажность 26.0%","timestamp":"2025-04-08T08:41:37.834Z"}
{"level":"warn","message":"Пороговое значение превышено для датчика Ролл: Температура 23.0°C, Влажность 26.0%","timestamp":"2025-04-08T08:41:42.990Z"}
{"level":"warn","message":"Пороговое значение превышено для датчика Ролл: Температура 23.0°C, Влажность 26.0%","timestamp":"2025-04-08T08:41:47.779Z"}
{"level":"warn","message":"Пороговое значение превышено для датчика Ролл: Температура 23.0°C, Влажность 26.0%","timestamp":"2025-04-08T08:42:23.399Z"}
{"level":"warn","message":"Пороговое значение превышено для датчика Ролл: Температура 23.0°C, Влажность 26.0%","timestamp":"2025-04-08T08:42:28.455Z"}
{"level":"warn","message":"Пороговое значение превышено для датчика Ролл: Температура 23.0°C, Влажность 26.0%","timestamp":"2025-04-08T08:42:33.346Z"}
{"level":"warn","message":"Пороговое значение превышено для датчика Ролл: Температура 23.0°C, Влажность 26.0%","timestamp":"2025-04-08T08:42:38.567Z"}
{"level":"error","message":"Ошибка при чтении датчиков: Modbus exception 6: Slave device busy (retry request again later)","timestamp":"2025-04-08T08:42:43.007Z"}
{"level":"error","message":"Ошибка при чтении датчиков: Modbus exception 6: Slave device busy (retry request again later)","timestamp":"2025-04-08T08:44:43.198Z"}
{"level":"error","message":"Ошибка при чтении датчиков: CRC error","timestamp":"2025-04-08T08:46:03.300Z"}
{"level":"error","message":"Ошибка при чтении датчиков: Data length error, expected 7 got 2","timestamp":"2025-04-08T08:46:43.355Z"}
{"level":"error","message":"Ошибка при чтении датчиков: Modbus exception 6: Slave device busy (retry request again later)","timestamp":"2025-04-08T08:48:18.505Z"}
{"level":"error","message":"Ошибка при чтении датчиков: Modbus exception 6: Slave device busy (retry request again later)","timestamp":"2025-04-08T08:49:53.630Z"}
{"level":"error","message":"Ошибка при чтении датчиков: Modbus exception 6: Slave device busy (retry request again later)","timestamp":"2025-04-08T08:51:53.771Z"}
{"level":"error","message":"Ошибка при чтении датчиков: Modbus exception 6: Slave device busy (retry request again later)","timestamp":"2025-04-08T08:52:28.846Z"}
{"level":"error","message":"Ошибка при чтении датчиков: Data length error, expected 7 got 2","timestamp":"2025-04-08T08:53:18.915Z"}
{"level":"error","message":"Ошибка при чтении датчиков: Modbus exception 6: Slave device busy (retry request again later)","timestamp":"2025-04-08T08:54:24.001Z"}
{"level":"error","message":"Ошибка при чтении датчиков: Modbus exception 6: Slave device busy (retry request again later)","timestamp":"2025-04-08T08:55:34.120Z"}
{"level":"error","message":"Ошибка при чтении датчиков: Modbus exception 6: Slave device busy (retry request again later)","timestamp":"2025-04-08T08:55:54.170Z"}
{"level":"warn","message":"Пороговое значение превышено для датчика Ролл: Температура 23.0°C, Влажность 26.0%","timestamp":"2025-04-08T09:00:35.072Z"}
{"level":"warn","message":"Пороговое значение превышено для датчика Ролл: Температура 23.0°C, Влажность 26.0%","timestamp":"2025-04-08T09:00:40.044Z"}
{"level":"warn","message":"Пороговое значение превышено для датчика Ролл: Температура 23.0°C, Влажность 26.0%","timestamp":"2025-04-08T09:02:59.124Z"}
{"level":"error","message":"Ошибка при чтении датчиков: Modbus exception 6: Slave device busy (retry request again later)","timestamp":"2025-04-08T09:03:03.551Z"}
{"level":"warn","message":"Пороговое значение превышено для датчика Ролл: Температура 23.0°C, Влажность 26.0%","timestamp":"2025-04-08T09:03:09.033Z"}
{"level":"warn","message":"Пороговое значение превышено для датчика Ролл: Температура 23.0°C, Влажность 26.0%","timestamp":"2025-04-08T09:05:11.938Z"}
{"level":"warn","message":"Пороговое значение превышено для датчика Ролл: Температура 23.0°C, Влажность 26.0%","timestamp":"2025-04-08T09:05:16.993Z"}
{"level":"warn","message":"Пороговое значение превышено для датчика Ролл: Температура 23.0°C, Влажность 26.0%","timestamp":"2025-04-08T09:06:12.699Z"}
{"level":"error","message":"Ошибка при чтении датчиков: Modbus exception 6: Slave device busy (retry request again later)","timestamp":"2025-04-08T09:06:17.061Z"}
{"level":"warn","message":"Пороговое значение превышено для датчика Ролл: Температура 23.0°C, Влажность 26.0%","timestamp":"2025-04-08T09:06:22.382Z"}
{"level":"error","message":"Ошибка при чтении датчиков: Modbus exception 6: Slave device busy (retry request again later)","timestamp":"2025-04-08T10:05:08.821Z"}
{"level":"error","message":"Ошибка при чтении датчиков: Modbus exception 6: Slave device busy (retry request again later)","timestamp":"2025-04-08T10:05:13.838Z"}
{"level":"error","message":"Ошибка при чтении датчиков: Modbus exception 6: Slave device busy (retry request again later)","timestamp":"2025-04-08T10:05:21.697Z"}
{"level":"error","message":"Ошибка при чтении датчиков: Modbus exception 6: Slave device busy (retry request again later)","timestamp":"2025-04-08T10:05:28.853Z"}
{"level":"error","message":"Ошибка при чтении датчиков: Modbus exception 6: Slave device busy (retry request again later)","timestamp":"2025-04-08T10:05:33.854Z"}
{"level":"error","message":"Ошибка при чтении датчиков: Modbus exception 6: Slave device busy (retry request again later)","timestamp":"2025-04-08T10:05:38.855Z"}
{"level":"error","message":"Ошибка при чтении датчиков: Modbus exception 6: Slave device busy (retry request again later)","timestamp":"2025-04-08T10:05:43.854Z"}
{"level":"warn","message":"Пороговое значение превышено для датчика Тест: Температура 23.0°C, Влажность 26.0%","timestamp":"2025-04-08T10:06:20.679Z"}
{"level":"warn","message":"Пороговое значение превышено для датчика Тест: Температура 23.0°C, Влажность 26.0%","timestamp":"2025-04-08T10:06:25.694Z"}
{"level":"warn","message":"Пороговое значение превышено для датчика Тест: Температура 23.0°C, Влажность 26.0%","timestamp":"2025-04-08T10:06:30.584Z"}
