{"level":"info","message":"Сервер запущен на порту 3000","timestamp":"2025-03-26T18:58:09.023Z"}
{"level":"info","message":"Данные успешно получены и сохранены","timestamp":"2025-03-26T18:58:13.005Z"}
{"level":"info","message":"Данные успешно получены и сохранены","timestamp":"2025-03-26T18:58:14.504Z"}
{"level":"info","message":"Данные успешно получены и сохранены","timestamp":"2025-03-26T18:58:16.055Z"}
{"level":"info","message":"Данные успешно получены и сохранены","timestamp":"2025-03-26T18:58:17.480Z"}
{"level":"info","message":"Данные успешно получены и сохранены","timestamp":"2025-03-26T18:58:19.021Z"}
{"level":"info","message":"Данные успешно получены и сохранены","timestamp":"2025-03-26T18:58:20.437Z"}
{"level":"info","message":"Данные успешно получены и сохранены","timestamp":"2025-03-26T18:58:22.021Z"}
{"level":"info","message":"Данные успешно получены и сохранены","timestamp":"2025-03-26T18:58:23.446Z"}
{"level":"info","message":"Данные успешно получены и сохранены","timestamp":"2025-03-26T18:58:24.913Z"}
{"level":"info","message":"Данные успешно получены и сохранены","timestamp":"2025-03-26T18:58:26.514Z"}
{"level":"info","message":"Данные успешно получены и сохранены","timestamp":"2025-03-26T18:58:28.249Z"}
{"level":"info","message":"Данные успешно получены и сохранены","timestamp":"2025-03-26T18:58:29.839Z"}
{"level":"info","message":"Данные успешно получены и сохранены","timestamp":"2025-03-26T18:58:31.149Z"}
{"level":"info","message":"Данные успешно получены и сохранены","timestamp":"2025-03-26T18:58:32.714Z"}
{"level":"info","message":"Завершение работы сервера","timestamp":"2025-03-26T18:58:32.923Z"}
{"level":"info","message":"Сервер запущен на порту 3000","timestamp":"2025-03-26T19:02:31.726Z"}
{"level":"info","message":"Данные успешно получены и сохранены","timestamp":"2025-03-26T19:02:35.869Z"}
{"level":"info","message":"Данные успешно получены и сохранены","timestamp":"2025-03-26T19:02:37.576Z"}
{"level":"info","message":"Данные успешно получены и сохранены","timestamp":"2025-03-26T19:02:39.427Z"}
{"level":"info","message":"Данные успешно получены и сохранены","timestamp":"2025-03-26T19:02:40.930Z"}
{"level":"info","message":"Данные успешно получены и сохранены","timestamp":"2025-03-26T19:02:42.609Z"}
{"level":"info","message":"Данные успешно получены и сохранены","timestamp":"2025-03-26T19:02:44.344Z"}
{"level":"info","message":"Данные успешно получены и сохранены","timestamp":"2025-03-26T19:02:45.975Z"}
{"level":"info","message":"Данные успешно получены и сохранены","timestamp":"2025-03-26T19:02:47.403Z"}
{"level":"info","message":"Данные успешно получены и сохранены","timestamp":"2025-03-26T19:02:48.963Z"}
{"level":"info","message":"Данные успешно получены и сохранены","timestamp":"2025-03-26T19:02:50.868Z"}
{"level":"info","message":"Данные успешно получены и сохранены","timestamp":"2025-03-26T19:02:52.578Z"}
{"level":"info","message":"Данные успешно получены и сохранены","timestamp":"2025-03-26T19:02:53.996Z"}
{"level":"info","message":"Данные успешно получены и сохранены","timestamp":"2025-03-26T19:02:55.552Z"}
{"level":"info","message":"Данные успешно получены и сохранены","timestamp":"2025-03-26T19:02:57.063Z"}
{"level":"info","message":"Данные успешно получены и сохранены","timestamp":"2025-03-26T19:02:58.544Z"}
{"level":"info","message":"Данные успешно получены и сохранены","timestamp":"2025-03-26T19:03:00.184Z"}
{"level":"info","message":"Завершение работы сервера","timestamp":"2025-03-26T19:03:01.518Z"}
{"level":"info","message":"Сервер запущен на порту 3000","timestamp":"2025-03-26T19:04:38.201Z"}
{"level":"info","message":"Данные успешно получены и сохранены","timestamp":"2025-03-26T19:04:42.714Z"}
{"level":"info","message":"Данные успешно получены и сохранены","timestamp":"2025-03-26T19:04:44.571Z"}
{"level":"info","message":"Данные успешно получены и сохранены","timestamp":"2025-03-26T19:04:46.510Z"}
{"level":"info","message":"Данные успешно получены и сохранены","timestamp":"2025-03-26T19:04:48.118Z"}
{"level":"info","message":"Завершение работы сервера","timestamp":"2025-03-26T19:04:49.041Z"}
{"level":"info","message":"Сервер запущен на порту 3000","timestamp":"2025-03-27T06:12:32.043Z"}
{"level":"info","message":"Данные успешно получены и сохранены","timestamp":"2025-03-27T06:12:35.663Z"}
{"level":"info","message":"Данные успешно получены и сохранены","timestamp":"2025-03-27T06:12:37.279Z"}
{"level":"info","message":"Данные успешно получены и сохранены","timestamp":"2025-03-27T06:12:37.858Z"}
{"level":"info","message":"Завершение работы сервера","timestamp":"2025-03-27T06:12:37.928Z"}
{"level":"info","message":"Сервер запущен на порту 3000","timestamp":"2025-03-27T06:12:52.681Z"}
{"level":"info","message":"Завершение работы сервера","timestamp":"2025-03-27T06:13:16.631Z"}
{"level":"info","message":"Сервер запущен на порту 3000","timestamp":"2025-03-27T06:17:26.015Z"}
{"level":"info","message":"Завершение работы сервера","timestamp":"2025-03-27T06:17:46.265Z"}
{"level":"info","message":"Сервер запущен на порту 3000","timestamp":"2025-03-27T06:18:00.487Z"}
{"level":"info","message":"Данные успешно получены и сохранены","timestamp":"2025-03-27T06:18:03.205Z"}
{"level":"info","message":"Данные успешно получены и сохранены","timestamp":"2025-03-27T06:18:04.668Z"}
{"level":"info","message":"Данные успешно получены и сохранены","timestamp":"2025-03-27T06:18:06.186Z"}
{"level":"info","message":"Завершение работы сервера","timestamp":"2025-03-27T06:18:07.627Z"}
{"level":"info","message":"Сервер запущен на порту 3000","timestamp":"2025-03-27T06:20:53.258Z"}
{"level":"info","message":"Данные успешно получены и сохранены","timestamp":"2025-03-27T06:20:56.062Z"}
{"level":"info","message":"Данные успешно получены и сохранены","timestamp":"2025-03-27T06:20:57.471Z"}
{"level":"info","message":"Данные успешно получены и сохранены","timestamp":"2025-03-27T06:20:58.946Z"}
{"level":"info","message":"Данные успешно получены и сохранены","timestamp":"2025-03-27T06:21:00.475Z"}
{"level":"info","message":"Данные успешно получены и сохранены","timestamp":"2025-03-27T06:21:01.965Z"}
{"level":"info","message":"Завершение работы сервера","timestamp":"2025-03-27T06:21:02.200Z"}
{"level":"info","message":"Сервер запущен на порту 3000","timestamp":"2025-03-27T06:21:11.741Z"}
{"level":"info","message":"Завершение работы сервера","timestamp":"2025-03-27T06:21:22.346Z"}
{"level":"info","message":"Сервер запущен на порту 3000","timestamp":"2025-03-27T06:22:56.244Z"}
{"level":"info","message":"Завершение работы сервера","timestamp":"2025-03-27T06:23:22.286Z"}
{"level":"info","message":"Сервер запущен на порту 3000","timestamp":"2025-03-27T06:24:13.849Z"}
{"level":"info","message":"Завершение работы сервера","timestamp":"2025-03-27T06:24:16.068Z"}
{"level":"info","message":"Сервер запущен на порту 3000","timestamp":"2025-03-27T06:24:46.704Z"}
{"level":"info","message":"Завершение работы сервера","timestamp":"2025-03-27T06:25:11.187Z"}
{"level":"info","message":"Сервер запущен на порту 3000","timestamp":"2025-03-27T06:29:52.103Z"}
{"level":"info","message":"Завершение работы сервера","timestamp":"2025-03-27T06:29:59.388Z"}
{"level":"info","message":"Сервер запущен на порту 3000","timestamp":"2025-03-27T06:31:57.678Z"}
{"level":"info","message":"Завершение работы сервера","timestamp":"2025-03-27T06:32:41.465Z"}
{"level":"info","message":"Сервер запущен на порту 3000","timestamp":"2025-03-27T06:39:23.037Z"}
{"level":"info","message":"Завершение работы сервера","timestamp":"2025-03-27T06:39:49.225Z"}
{"level":"info","message":"Сервер запущен на порту 3000","timestamp":"2025-03-27T06:41:26.658Z"}
{"level":"info","message":"Данные успешно получены и сохранены","timestamp":"2025-03-27T06:41:29.340Z"}
{"level":"info","message":"Данные успешно получены и сохранены","timestamp":"2025-03-27T06:41:30.843Z"}
{"level":"info","message":"Данные успешно получены и сохранены","timestamp":"2025-03-27T06:41:32.342Z"}
{"level":"info","message":"Данные успешно получены и сохранены","timestamp":"2025-03-27T06:41:33.838Z"}
{"level":"info","message":"Данные успешно получены и сохранены","timestamp":"2025-03-27T06:41:35.353Z"}
{"level":"info","message":"Данные успешно получены и сохранены","timestamp":"2025-03-27T06:41:36.883Z"}
{"level":"info","message":"Завершение работы сервера","timestamp":"2025-03-27T06:41:37.452Z"}
{"level":"info","message":"Сервер запущен на порту 3000","timestamp":"2025-03-27T06:54:04.186Z"}
{"level":"info","message":"Данные успешно получены и сохранены","timestamp":"2025-03-27T06:54:06.868Z"}
{"level":"info","message":"Данные успешно получены и сохранены","timestamp":"2025-03-27T06:54:08.364Z"}
{"level":"info","message":"Данные успешно получены и сохранены","timestamp":"2025-03-27T06:54:09.875Z"}
{"level":"info","message":"Данные успешно получены и сохранены","timestamp":"2025-03-27T06:54:11.385Z"}
{"level":"info","message":"Данные успешно получены и сохранены","timestamp":"2025-03-27T06:54:12.889Z"}
{"level":"info","message":"Завершение работы сервера","timestamp":"2025-03-27T06:54:14.071Z"}
{"level":"info","message":"Сервер запущен на порту 3000","timestamp":"2025-03-27T06:54:24.686Z"}
{"level":"info","message":"Завершение работы сервера","timestamp":"2025-03-27T06:54:36.412Z"}
{"level":"info","message":"Сервер запущен на порту 3000","timestamp":"2025-03-27T06:55:59.819Z"}
{"level":"info","message":"Завершение работы сервера","timestamp":"2025-03-27T06:56:13.078Z"}
{"level":"info","message":"Сервер запущен на порту 3000","timestamp":"2025-03-27T06:58:30.236Z"}
{"level":"info","message":"Завершение работы сервера","timestamp":"2025-03-27T06:58:46.565Z"}
{"level":"info","message":"Сервер запущен на порту 3000","timestamp":"2025-03-27T07:10:06.185Z"}
{"level":"info","message":"Подключение к Modbus устройству успешно","timestamp":"2025-03-27T07:10:06.190Z"}
{"level":"error","message":"Ошибка при чтении датчика 5: Unexpected data error, expected address 1 got 49","stack":"Error: Unexpected data error, expected address 1 got 49\n    at ModbusRTU._onReceive (C:\\Progs\\KVT\\node_modules\\modbus-serial\\index.js:500:18)\n    at SerialPort.emit (node:events:518:28)\n    at addChunk (node:internal/streams/readable:561:12)\n    at readableAddChunkPushByteMode (node:internal/streams/readable:512:3)\n    at Readable.push (node:internal/streams/readable:392:5)\n    at C:\\Progs\\KVT\\node_modules\\@serialport\\stream\\dist\\index.js:208:18","timestamp":"2025-03-27T07:10:29.164Z"}
{"level":"info","message":"Завершение работы сервера","timestamp":"2025-03-27T07:10:30.578Z"}
{"level":"info","message":"Сервер запущен на порту 3000","timestamp":"2025-03-27T07:31:11.895Z"}
{"level":"info","message":"Данные успешно получены и сохранены","timestamp":"2025-03-27T07:31:14.566Z"}
{"level":"info","message":"Данные успешно получены и сохранены","timestamp":"2025-03-27T07:31:16.085Z"}
{"level":"info","message":"Данные успешно получены и сохранены","timestamp":"2025-03-27T07:31:17.578Z"}
{"level":"info","message":"Данные успешно получены и сохранены","timestamp":"2025-03-27T07:31:19.094Z"}
{"level":"info","message":"Данные успешно получены и сохранены","timestamp":"2025-03-27T07:31:20.593Z"}
{"level":"info","message":"Данные успешно получены и сохранены","timestamp":"2025-03-27T07:31:22.095Z"}
{"level":"info","message":"Данные успешно получены и сохранены","timestamp":"2025-03-27T07:31:23.593Z"}
{"level":"info","message":"Данные успешно получены и сохранены","timestamp":"2025-03-27T07:31:25.093Z"}
{"level":"info","message":"Завершение работы сервера","timestamp":"2025-03-27T07:31:25.695Z"}
{"level":"info","message":"Сервер запущен на порту 3000","timestamp":"2025-03-27T07:31:35.149Z"}
{"level":"info","message":"Данные успешно получены и сохранены","timestamp":"2025-03-27T07:31:37.828Z"}
{"level":"info","message":"Данные успешно получены и сохранены","timestamp":"2025-03-27T07:31:39.335Z"}
{"level":"info","message":"Данные успешно получены и сохранены","timestamp":"2025-03-27T07:31:40.843Z"}
{"level":"info","message":"Данные успешно получены и сохранены","timestamp":"2025-03-27T07:31:42.372Z"}
{"level":"info","message":"Данные успешно получены и сохранены","timestamp":"2025-03-27T07:31:43.875Z"}
{"level":"info","message":"Данные успешно получены и сохранены","timestamp":"2025-03-27T07:31:45.374Z"}
{"level":"info","message":"Данные успешно получены и сохранены","timestamp":"2025-03-27T07:31:46.860Z"}
{"level":"info","message":"Данные успешно получены и сохранены","timestamp":"2025-03-27T07:31:48.372Z"}
{"level":"info","message":"Данные успешно получены и сохранены","timestamp":"2025-03-27T07:31:49.926Z"}
{"level":"info","message":"Данные успешно получены и сохранены","timestamp":"2025-03-27T07:31:51.399Z"}
{"level":"info","message":"Данные успешно получены и сохранены","timestamp":"2025-03-27T07:31:52.909Z"}
{"level":"info","message":"Данные успешно получены и сохранены","timestamp":"2025-03-27T07:31:54.394Z"}
{"level":"info","message":"Завершение работы сервера","timestamp":"2025-03-27T07:31:55.152Z"}
{"level":"info","message":"Сервер запущен на порту 3000","timestamp":"2025-03-27T07:58:23.637Z"}
{"level":"info","message":"Завершение работы сервера","timestamp":"2025-03-27T07:58:30.696Z"}
